app/build/outputs/mapping/release/seeds.txt
com.example.securechat.SecureChat
com.example.securechat.ActivityUi.SplashActi: SplashActi()
com.example.securechat.ActivityUi.StartActivity
com.example.securechat.ActivityUi.LoginActivity
com.example.securechat.ActivityUi.MainActivity: MainActivity()
com.example.securechat.ActivityUi.SplashActi
com.example.securechat.ActivityUi.MessageActivity: MessageActivity()
com.example.securechat.ActivityUi.ResetPassword
com.example.securechat.ActivityUi.RegisterActivity
com.example.securechat.ActivityUi.RequestProfile
com.example.securechat.ActivityUi.StartActivity: StartActivity()
com.example.securechat.ActivityUi.ProfileActivity
com.example.securechat.Notification.MyFirebaseIdService: MyFirebaseIdService()
com.example.securechat.ActivityUi.LoginActivity: LoginActivity()
com.example.securechat.ActivityUi.RequestProfile: RequestProfile()
com.example.securechat.ActivityUi.ResetPassword: ResetPassword()
com.example.securechat.ActivityUi.RegisterActivity: RegisterActivity()
com.example.securechat.ActivityUi.HomeActivity: HomeActivity()
com.example.securechat.Fragment.ApiService
com.example.securechat.ActivityUi.MessageActivity
com.example.securechat.Notification.MyFirebaseIdService
com.example.securechat.ActivityUi.HomeActivity
com.example.securechat.ActivityUi.MainActivity
com.example.securechat.SecureChat: SecureChat()
com.example.securechat.ActivityUi.ProfileActivity: ProfileActivity()
...
com.google.android.material.R$dimen: int mtrl_badge_with_text_radius
com.google.android.material.R$dimen: int mtrl_btn_focused_z
com.google.android.material.R$id: int item_touch_helper_previous_elevation
com.google.android.material.R$style: int Theme_AppCompat_NoActionBar
com.google.android.material.R$style: int Base_Animation_AppCompat_Tooltip
com.google.android.material.R$style: int Theme_MaterialComponents_Dialog_FixedSize_Bridge
androidx.appcompat.widget.Toolbar: android.widget.TextView getSubtitleTextView()
com.google.android.material.R$styleable: int Toolbar_collapseContentDescription
com.google.android.material.R$animator: int mtrl_fab_show_motion_spec
androidx.appcompat.widget.ActionBarContainer: void setPrimaryBackground(android.graphics.drawable.Drawable)
androidx.appcompat.R$styleable: int LinearLayoutCompat_android_orientation
com.google.android.material.R$dimen: int abc_dialog_title_divider_material
androidx.appcompat.R$styleable: int Toolbar_title
com.google.android.material.R$attr: int itemHorizontalTranslationEnabled
com.google.android.material.R$styleable: int BottomNavigationView_menu
androidx.appcompat.R$color: int material_grey_850
com.google.android.material.textfield.TextInputLayout: void setPasswordVisibilityToggleContentDescription(java.lang.CharSequence)
androidx.recyclerview.widget.RecyclerView: int SCROLL_STATE_SETTLING
androidx.recyclerview.widget.RecyclerView$Adapter: RecyclerView$Adapter()
com.theartofdev.edmodo.cropper.R$styleable: int LinearLayoutCompat_showDividers
androidx.recyclerview.R$attr: int layoutManager
com.google.android.material.card.MaterialCardView: void setDragged(boolean)
androidx.recyclerview.R$styleable: int[] FontFamily
com.google.android.material.textfield.TextInputLayout: android.content.res.ColorStateList getCounterOverflowTextColor()
androidx.appcompat.widget.ActionBarContextView: void setTitle(java.lang.CharSequence)
com.google.android.material.R$style: int Base_TextAppearance_AppCompat_Widget_PopupMenu_Small
com.bumptech.glide.MemoryCategory: com.bumptech.glide.MemoryCategory valueOf(java.lang.String)
com.rengwuxian.materialedittext.R$styleable: int LinearLayoutCompat_android_weightSum
androidx.appcompat.R$styleable: int[] ListPopupWindow
com.google.android.material.R$layout: int text_view_with_line_height_from_appearance
com.google.android.material.R$dimen: int abc_control_corner_material
com.google.android.material.R$styleable: int CoordinatorLayout_Layout_layout_anchorGravity
com.google.android.material.R$style: int TextAppearance_MaterialComponents_Headline3
com.google.android.material.internal.NavigationMenuView: NavigationMenuView(android.content.Context,android.util.AttributeSet)
androidx.recyclerview.widget.RecyclerView: long getNanoTime()
com.google.android.material.R$string: int abc_menu_ctrl_shortcut_label
androidx.appcompat.R$attr: int srcCompat
com.google.android.material.R$style: int Widget_AppCompat_ActionBar_TabBar
com.google.android.material.snackbar.SnackbarContentLayout: SnackbarContentLayout(android.content.Context,android.util.AttributeSet)
com.theartofdev.edmodo.cropper.R$id: int top
com.google.android.material.R$id: int accessibility_custom_action_3
com.google.android.material.button.MaterialButton: void setBackgroundTintList(android.content.res.ColorStateList)
com.google.android.material.R$style: int ShapeAppearanceOverlay_MaterialComponents_MaterialCalendar_Day
androidx.cardview.R$attr: int contentPadding
androidx.appcompat.widget.AppCompatCheckBox: android.content.res.ColorStateList getSupportBackgroundTintList()
com.google.android.material.R$styleable: int MenuItem_tooltipText
com.google.android.material.R$style: int Base_Theme_MaterialComponents_Light_Dialog_FixedSize
androidx.appcompat.R$attr: int trackTint
com.google.android.material.R$dimen: int abc_dialog_fixed_height_minor
com.rengwuxian.materialedittext.R$styleable: int[] MaterialEditText