app/build/outputs/mapping/release/usage.txt
com.example.securechat.Fragment.FriendFragment:
    com.google.firebase.auth.FirebaseUser fuser
    com.google.firebase.database.DatabaseReference reference
    private java.util.List userList
    private com.google.firebase.auth.FirebaseAuth mAth
com.example.securechat.BuildConfig
com.example.securechat.ActivityUi.StartActivity:
    public static final java.lang.String SHAREDPREF
com.example.securechat.R$interpolator
com.example.securechat.R$dimen
com.example.securechat.Adapter.FriendRequestAdapter:
    private com.google.firebase.database.DatabaseReference friendb
    private com.google.firebase.auth.FirebaseAuth mAth
com.example.securechat.R$integer
com.example.securechat.ActivityUi.RegisterActivity:
    public boolean checkEmail(java.lang.String)
com.example.securechat.ActivityUi.ProfileActivity:
    private static final int IMAGE_REQUEST
com.example.securechat.R
com.example.securechat.Adapter.FriendAdapter:
    private com.google.firebase.database.DatabaseReference friendb
    private com.google.firebase.auth.FirebaseAuth mAth
com.example.securechat.R$color
com.example.securechat.Adapter.FriendSearchAdapter:
    com.google.firebase.database.DatabaseReference mFriendDb
com.example.securechat.R$font
com.example.securechat.R$drawable
com.example.securechat.R$menu
com.example.securechat.Crypto.AES
com.example.securechat.Adapter.MessageAdapter:
    public static final int MSG_TYPE_LEFT
    public static final int MSG_TYPE_RIGHT
com.example.securechat.Notification.Client:
    public void <init>()
com.example.securechat.Chatlist:
    public void <init>(java.lang.String)
    public void setId(java.lang.String)
com.example.securechat.R$id
com.example.securechat.Adapter.UserAdapter:
    java.util.Date d
    private java.lang.String stringMessage
com.example.securechat.R$anim
com.example.securechat.Crypto.Encryption$EncryptedData
com.example.securechat.Chat:
    public void <init>(java.lang.String,java.lang.String,java.lang.String,boolean,java.lang.String)
    public void setSender(java.lang.String)
    public void setReceiver(java.lang.String)
    public void setMessage(java.lang.String)
    public void setIsseen(boolean)
    public void setDate(java.lang.String)
com.example.securechat.Utils
com.example.securechat.Crypto.RSAAlgo
com.example.securechat.ActivityUi.MessageActivity:
    com.google.firebase.auth.FirebaseAuth mAuth
    com.google.firebase.database.FirebaseDatabase db
    private java.lang.String stringMessage
    java.security.SecureRandom rand
    java.security.Key key
    private static final java.lang.String SEPARATE
com.example.securechat.Friends
com.example.securechat.Crypto.RSA
com.example.securechat.R$array
com.example.securechat.R$bool
com.example.securechat.R$layout
com.example.securechat.Crypto.Encryption
com.example.securechat.R$string
com.example.securechat.Notification.Data:
    public void <init>()
    public java.lang.String getUser()
    public void setUser(java.lang.String)
    public int getIcon()
    public void setIcon(int)
    public java.lang.String getBody()
    public void setBody(java.lang.String)
    public java.lang.String getTitle()
    public void setTitle(java.lang.String)
    public java.lang.String getSented()
    public void setSented(java.lang.String)
com.example.securechat.R$animator
com.example.securechat.Notification.OreoNotification:
    private static final java.lang.String CHANNEL_ID
    private static final java.lang.String CHANNEL_NAME
com.example.securechat.R$attr
com.example.securechat.Notification.Token:
    public void setToken(java.lang.String)
com.example.securechat.R$style
com.example.securechat.R$mipmap
com.example.securechat.R$styleable
com.example.securechat.R$plurals
...
com.bumptech.glide.request.FutureTarget
com.google.android.gms.internal.firebase_auth.zzhz
com.google.common.collect.TreeMultimap
io.grpc.internal.AbstractServerImplBuilder
com.google.common.collect.ForwardingNavigableMap$StandardNavigableKeySet
com.google.common.primitives.ParseRequest
androidx.transition.TransitionPropagation:
    public void <init>()
com.google.protobuf.DescriptorProtos$ServiceDescriptorProto$Builder
androidx.swiperefreshlayout.widget.CircularProgressDrawable$2
com.google.android.gms.internal.firebase_auth.zzck
com.google.common.base.CharMatcher$JavaIsoControl
com.google.common.collect.FilteredKeySetMultimap
com.google.common.collect.ImmutableMap$MapViewOfValuesAsSingletonSets$1$1
com.google.crypto.tink.Registry$KeyDeriverContainer
android.support.v4.media.session.MediaSessionCompat$MediaSessionImplApi18
com.google.common.collect.Collections2$TransformedCollection
com.google.firebase.firestore.local.SQLiteMutationQueue$$Lambda$8
com.google.android.gms.common.util.Clock:
    public abstract long nanoTime()
    public abstract long currentThreadTimeMillis()
androidx.recyclerview.widget.RecyclerView$RecyclerViewDataObserver:
    public void onItemRangeChanged(int,int,java.lang.Object)
    public void onItemRangeInserted(int,int)
    public void onItemRangeRemoved(int,int)
    public void onItemRangeMoved(int,int,int)
    void triggerUpdateProcessor()
com.google.android.material.badge.BadgeDrawable$BadgeGravity
com.google.android.gms.internal.base.zaa:
    static void <clinit>()
    private static com.google.android.gms.internal.base.zac zaa
javax.annotation.Detainted
com.google.crypto.tink.subtle.Ed25519$PartialXYZT
com.google.android.material.floatingactionbutton.ExtendedFloatingActionButton$1
com.google.api.Property$PropertyType$1
io.grpc.internal.PickFirstLoadBalancerProvider
com.bumptech.glide.load.engine.cache.ExternalCacheDiskCacheFactory
com.google.firebase.encoders.R
com.google.protobuf.BytesValue
com.google.android.gms.common.api.internal.zacl
androidx.core.app.Person
com.google.android.datatransport.Transport:
    public abstract void schedule(com.google.android.datatransport.Event,com.google.android.datatransport.TransportScheduleCallback)
com.google.android.gms.internal.firebase_auth.zzlf$zza
com.google.common.eventbus.Dispatcher$PerThreadQueuedDispatcher$2
com.google.android.gms.internal.firebase_auth.zzdn:
    public final java.lang.String zzc()
com.google.common.util.concurrent.CycleDetectingLockFactory$Policies
androidx.core.app.NotificationCompat$NotificationVisibility
io.grpc.internal.ClientStreamListener
com.google.firebase.firestore.util.CustomClassMapper$ErrorPath
androidx.recyclerview.widget.MessageThreadUtil$2
com.google.crypto.tink.shaded.protobuf.MessageLiteOrBuilder
com.google.android.gms.common.api.internal.IStatusCallback$Stub$zaa
com.google.api.Billing$BillingDestinationOrBuilder
com.google.firestore.v1.StructuredQuery$UnaryFilterOrBuilder
dagger.multibindings.LongKey
io.grpc.Context$Storage
androidx.core.view.accessibility.AccessibilityManagerCompat$AccessibilityStateChangeListenerCompat
com.google.firebase.storage.FirebaseStorage:
    public static com.google.firebase.storage.FirebaseStorage getInstance(java.lang.String)
    public static com.google.firebase.storage.FirebaseStorage getInstance(com.google.firebase.FirebaseApp,java.lang.String)
    public long getMaxDownloadRetryTimeMillis()
    public void setMaxDownloadRetryTimeMillis(long)
    public void setMaxUploadRetryTimeMillis(long)
    public void setMaxOperationRetryTimeMillis(long)
    public com.google.firebase.storage.StorageReference getReferenceFromUrl(java.lang.String)
    private static final java.lang.String TAG
    private static final java.lang.String STORAGE_URI_PARSE_EXCEPTION
    private static final java.lang.String STORAGE_BUCKET_WITH_PATH_EXCEPTION
com.google.android.material.snackbar.BaseTransientBottomBar$2